<?xml version="1.0" encoding="UTF-8"?>
<!-- Generated by org.testng.reporters.JUnitXMLReporter -->
<testsuite ignored="0" hostname="DESKTOP-H50J06T" failures="0" tests="22" name="Default test" time="1.61" errors="0" timestamp="2021-06-08T13:53:42 ICT">
  <testcase classname="COMPLETEDEXPORTS.ScriptLoginSalesLogout" name="@BeforeTest setDriver" time="1.442">
    <failure type="org.openqa.selenium.SessionNotCreatedException" message="session not created: This version of ChromeDriver only supports Chrome version 89
Current browser version is 91.0.4472.77 with binary path C:\Program Files\Google\Chrome\Application\chrome.exe
Build info: version: &amp;apos;3.141.59&amp;apos;, revision: &amp;apos;e82be7d358&amp;apos;, time: &amp;apos;2018-11-14T08:25:48&amp;apos;
System info: host: &amp;apos;DESKTOP-H50J06T&amp;apos;, ip: &amp;apos;192.168.0.183&amp;apos;, os.name: &amp;apos;Windows 10&amp;apos;, os.arch: &amp;apos;amd64&amp;apos;, os.version: &amp;apos;10.0&amp;apos;, java.version: &amp;apos;16&amp;apos;
Driver info: driver.version: ChromeDriver
remote stacktrace: Backtrace:
	Ordinal0 [0x0085E7D3+124883]
	Ordinal0 [0x0085E7B1+124849]
	GetHandleVerifier [0x00AA8688+193832]
	GetHandleVerifier [0x00AC3AC5+305509]
	GetHandleVerifier [0x00AC021B+291003]
	GetHandleVerifier [0x00ABE0AC+282444]
	GetHandleVerifier [0x00AE4A90+440624]
	GetHandleVerifier [0x00AE47FC+439964]
	GetHandleVerifier [0x00AE154B+426987]
	GetHandleVerifier [0x00AC4FFD+310941]
	GetHandleVerifier [0x00AC5D8E+314414]
	GetHandleVerifier [0x00AC5D19+314297]
	GetHandleVerifier [0x00B831EC+1089676]
	GetHandleVerifier [0x00B817C9+1082985]
	GetHandleVerifier [0x00B813A3+1081923]
	GetHandleVerifier [0x00C7D9FD+2115741]
	Ordinal0 [0x009AB82E+1488942]
	Ordinal0 [0x00945A7D+1071741]
	Ordinal0 [0x0094559B+1070491]
	Ordinal0 [0x009454B1+1070257]
	Ordinal0 [0x0097FF53+1310547]
	BaseThreadInitThunk [0x7705FA29+25]
	RtlGetAppContainerNamedObjectPath [0x77D57A7E+286]
	RtlGetAppContainerNamedObjectPath [0x77D57A4E+238]
">
      <![CDATA[org.openqa.selenium.SessionNotCreatedException: session not created: This version of ChromeDriver only supports Chrome version 89
Current browser version is 91.0.4472.77 with binary path C:\Program Files\Google\Chrome\Application\chrome.exe
Build info: version: '3.141.59', revision: 'e82be7d358', time: '2018-11-14T08:25:48'
System info: host: 'DESKTOP-H50J06T', ip: '192.168.0.183', os.name: 'Windows 10', os.arch: 'amd64', os.version: '10.0', java.version: '16'
Driver info: driver.version: ChromeDriver
remote stacktrace: Backtrace:
Ordinal0 [0x0085E7D3+124883]
Ordinal0 [0x0085E7B1+124849]
GetHandleVerifier [0x00AA8688+193832]
GetHandleVerifier [0x00AC3AC5+305509]
GetHandleVerifier [0x00AC021B+291003]
GetHandleVerifier [0x00ABE0AC+282444]
GetHandleVerifier [0x00AE4A90+440624]
GetHandleVerifier [0x00AE47FC+439964]
GetHandleVerifier [0x00AE154B+426987]
GetHandleVerifier [0x00AC4FFD+310941]
GetHandleVerifier [0x00AC5D8E+314414]
GetHandleVerifier [0x00AC5D19+314297]
GetHandleVerifier [0x00B831EC+1089676]
GetHandleVerifier [0x00B817C9+1082985]
GetHandleVerifier [0x00B813A3+1081923]
GetHandleVerifier [0x00C7D9FD+2115741]
Ordinal0 [0x009AB82E+1488942]
Ordinal0 [0x00945A7D+1071741]
Ordinal0 [0x0094559B+1070491]
Ordinal0 [0x009454B1+1070257]
Ordinal0 [0x0097FF53+1310547]
BaseThreadInitThunk [0x7705FA29+25]
RtlGetAppContainerNamedObjectPath [0x77D57A7E+286]
RtlGetAppContainerNamedObjectPath [0x77D57A4E+238]

at java.base/jdk.internal.reflect.NativeConstructorAccessorImpl.newInstance0(Native Method)
at java.base/jdk.internal.reflect.NativeConstructorAccessorImpl.newInstance(NativeConstructorAccessorImpl.java:78)
at java.base/jdk.internal.reflect.DelegatingConstructorAccessorImpl.newInstance(DelegatingConstructorAccessorImpl.java:45)
at java.base/java.lang.reflect.Constructor.newInstanceWithCaller(Constructor.java:499)
at java.base/java.lang.reflect.Constructor.newInstance(Constructor.java:480)
at org.openqa.selenium.remote.W3CHandshakeResponse.lambda$errorHandler$0(W3CHandshakeResponse.java:62)
at org.openqa.selenium.remote.HandshakeResponse.lambda$getResponseFunction$0(HandshakeResponse.java:30)
at org.openqa.selenium.remote.ProtocolHandshake.lambda$createSession$0(ProtocolHandshake.java:126)
at java.base/java.util.stream.ReferencePipeline$3$1.accept(ReferencePipeline.java:197)
at java.base/java.util.Spliterators$ArraySpliterator.tryAdvance(Spliterators.java:958)
at java.base/java.util.stream.ReferencePipeline.forEachWithCancel(ReferencePipeline.java:129)
at java.base/java.util.stream.AbstractPipeline.copyIntoWithCancel(AbstractPipeline.java:502)
at java.base/java.util.stream.AbstractPipeline.copyInto(AbstractPipeline.java:488)
at java.base/java.util.stream.AbstractPipeline.wrapAndCopyInto(AbstractPipeline.java:474)
at java.base/java.util.stream.FindOps$FindOp.evaluateSequential(FindOps.java:150)
at java.base/java.util.stream.AbstractPipeline.evaluate(AbstractPipeline.java:234)
at java.base/java.util.stream.ReferencePipeline.findFirst(ReferencePipeline.java:647)
at org.openqa.selenium.remote.ProtocolHandshake.createSession(ProtocolHandshake.java:128)
at org.openqa.selenium.remote.ProtocolHandshake.createSession(ProtocolHandshake.java:74)
at org.openqa.selenium.remote.HttpCommandExecutor.execute(HttpCommandExecutor.java:136)
at org.openqa.selenium.remote.service.DriverCommandExecutor.execute(DriverCommandExecutor.java:83)
at org.openqa.selenium.remote.RemoteWebDriver.execute(RemoteWebDriver.java:552)
at org.openqa.selenium.remote.RemoteWebDriver.startSession(RemoteWebDriver.java:213)
at org.openqa.selenium.remote.RemoteWebDriver.<init>(RemoteWebDriver.java:131)
at org.openqa.selenium.chrome.ChromeDriver.<init>(ChromeDriver.java:181)
at org.openqa.selenium.chrome.ChromeDriver.<init>(ChromeDriver.java:168)
at org.openqa.selenium.chrome.ChromeDriver.<init>(ChromeDriver.java:123)
at resources.base.initializeDriver(base.java:52)
at COMPLETEDEXPORTS.ScriptLoginSalesLogout.setDriver(ScriptLoginSalesLogout.java:44)
at java.base/jdk.internal.reflect.NativeMethodAccessorImpl.invoke0(Native Method)
at java.base/jdk.internal.reflect.NativeMethodAccessorImpl.invoke(NativeMethodAccessorImpl.java:78)
at java.base/jdk.internal.reflect.DelegatingMethodAccessorImpl.invoke(DelegatingMethodAccessorImpl.java:43)
at java.base/java.lang.reflect.Method.invoke(Method.java:567)
at org.testng.internal.MethodInvocationHelper.invokeMethod(MethodInvocationHelper.java:132)
at org.testng.internal.MethodInvocationHelper.invokeMethodConsideringTimeout(MethodInvocationHelper.java:61)
at org.testng.internal.ConfigInvoker.invokeConfigurationMethod(ConfigInvoker.java:366)
at org.testng.internal.ConfigInvoker.invokeConfigurations(ConfigInvoker.java:320)
at org.testng.TestRunner.invokeTestConfigurations(TestRunner.java:617)
at org.testng.TestRunner.beforeRun(TestRunner.java:607)
at org.testng.TestRunner.run(TestRunner.java:578)
at org.testng.SuiteRunner.runTest(SuiteRunner.java:384)
at org.testng.SuiteRunner.runSequentially(SuiteRunner.java:378)
at org.testng.SuiteRunner.privateRun(SuiteRunner.java:337)
at org.testng.SuiteRunner.run(SuiteRunner.java:286)
at org.testng.SuiteRunnerWorker.runSuite(SuiteRunnerWorker.java:53)
at org.testng.SuiteRunnerWorker.run(SuiteRunnerWorker.java:96)
at org.testng.TestNG.runSuitesSequentially(TestNG.java:1218)
at org.testng.TestNG.runSuitesLocally(TestNG.java:1140)
at org.testng.TestNG.runSuites(TestNG.java:1069)
at org.testng.TestNG.run(TestNG.java:1037)
at org.testng.remote.AbstractRemoteTestNG.run(AbstractRemoteTestNG.java:115)
at org.testng.remote.RemoteTestNG.initAndRun(RemoteTestNG.java:251)
at org.testng.remote.RemoteTestNG.main(RemoteTestNG.java:77)
]]>
    </failure>
  </testcase> <!-- @BeforeTest setDriver -->
  <testcase classname="COMPLETEDEXPORTS.ScriptLoginSalesLogout" name="@AfterTest tearDown" time="-1.623135222144E9">
    <skipped/>
  </testcase> <!-- @AfterTest tearDown -->
  <testcase classname="COMPLETEDEXPORTS.ScriptLoginSalesLogout" name="loginTPOS" time="0.0">
    <skipped/>
  </testcase> <!-- loginTPOS -->
  <testcase classname="COMPLETEDEXPORTS.ScriptLoginSalesLogout" name="MoTrangThemKH" time="0.0">
    <skipped/>
  </testcase> <!-- MoTrangThemKH -->
  <testcase classname="COMPLETEDEXPORTS.ScriptLoginSalesLogout" name="Detrongkhachhang" time="0.0">
    <skipped/>
  </testcase> <!-- Detrongkhachhang -->
  <testcase classname="COMPLETEDEXPORTS.ScriptLoginSalesLogout" name="Themkhachhangmoi" time="0.0">
    <skipped/>
  </testcase> <!-- Themkhachhangmoi -->
  <testcase classname="COMPLETEDEXPORTS.ScriptLoginSalesLogout" name="Chonkhachhang" time="0.0">
    <skipped/>
  </testcase> <!-- Chonkhachhang -->
  <testcase classname="COMPLETEDEXPORTS.ScriptLoginSalesLogout" name="Suakhachhang" time="0.0">
    <skipped/>
  </testcase> <!-- Suakhachhang -->
  <testcase classname="COMPLETEDEXPORTS.ScriptLoginSalesLogout" name="SearchKH" time="0.0">
    <skipped/>
  </testcase> <!-- SearchKH -->
  <testcase classname="COMPLETEDEXPORTS.ScriptLoginSalesLogout" name="Detrongbanggia" time="0.0">
    <skipped/>
  </testcase> <!-- Detrongbanggia -->
  <testcase classname="COMPLETEDEXPORTS.ScriptLoginSalesLogout" name="Nhapkeysword" time="0.0">
    <skipped/>
  </testcase> <!-- Nhapkeysword -->
  <testcase classname="COMPLETEDEXPORTS.ScriptLoginSalesLogout" name="Xoabanggia" time="0.0">
    <skipped/>
  </testcase> <!-- Xoabanggia -->
  <testcase classname="COMPLETEDEXPORTS.ScriptLoginSalesLogout" name="Chonbanggia" time="0.0">
    <skipped/>
  </testcase> <!-- Chonbanggia -->
  <testcase classname="COMPLETEDEXPORTS.ScriptLoginSalesLogout" name="Detrongkhohang" time="0.0">
    <skipped/>
  </testcase> <!-- Detrongkhohang -->
  <testcase classname="COMPLETEDEXPORTS.ScriptLoginSalesLogout" name="Nhapkeyswordkh" time="0.0">
    <skipped/>
  </testcase> <!-- Nhapkeyswordkh -->
  <testcase classname="COMPLETEDEXPORTS.ScriptLoginSalesLogout" name="Xoakhohang" time="0.0">
    <skipped/>
  </testcase> <!-- Xoakhohang -->
  <testcase classname="COMPLETEDEXPORTS.ScriptLoginSalesLogout" name="Chonkhohang" time="0.0">
    <skipped/>
  </testcase> <!-- Chonkhohang -->
  <testcase classname="COMPLETEDEXPORTS.ScriptLoginSalesLogout" name="TimPPTT" time="0.0">
    <skipped/>
  </testcase> <!-- TimPPTT -->
  <testcase classname="COMPLETEDEXPORTS.ScriptLoginSalesLogout" name="XoaPPTT" time="0.0">
    <skipped/>
  </testcase> <!-- XoaPPTT -->
  <testcase classname="COMPLETEDEXPORTS.ScriptLoginSalesLogout" name="ChonPPTT" time="0.0">
    <skipped/>
  </testcase> <!-- ChonPPTT -->
  <testcase classname="COMPLETEDEXPORTS.ScriptLoginSalesLogout" name="TaohoadonKH" time="0.0">
    <skipped/>
  </testcase> <!-- TaohoadonKH -->
  <testcase classname="COMPLETEDEXPORTS.ScriptLoginSalesLogout" name="Mothanhtoandonhang" time="0.0">
    <skipped/>
  </testcase> <!-- Mothanhtoandonhang -->
  <testcase classname="COMPLETEDEXPORTS.ScriptLoginSalesLogout" name="thanhtoandonhang" time="0.0">
    <skipped/>
  </testcase> <!-- thanhtoandonhang -->
  <testcase classname="COMPLETEDEXPORTS.ScriptLoginSalesLogout" name="LogoutTPOS" time="0.0">
    <skipped/>
  </testcase> <!-- LogoutTPOS -->
</testsuite> <!-- Default test -->
