<?xml version="1.0" encoding="UTF-8"?>
<!-- Generated by org.testng.reporters.JUnitXMLReporter -->
<testsuite ignored="0" hostname="DESKTOP-H50J06T" failures="1" tests="7" name="ReturnsPage" time="57.084" errors="0" timestamp="2021-04-28T09:47:33 ICT">
  <testcase classname="TPOS.SALES.ReturnsPage" name="loginsuccessful" time="8.698"/>
  <testcase classname="TPOS.SALES.ReturnsPage" name="AddReturns" time="6.322"/>
  <testcase classname="TPOS.SALES.ReturnsPage" name="LetEmpty" time="4.26"/>
  <testcase classname="TPOS.SALES.ReturnsPage" name="AddAgain" time="6.627"/>
  <testcase classname="TPOS.SALES.ReturnsPage" name="FixKH" time="10.465">
    <failure type="java.lang.AssertionError" message="expected [Nguyễn Hoàng Văn] but found []">
      <![CDATA[java.lang.AssertionError: expected [Nguyễn Hoàng Văn] but found []
at TPOS.SALES.ReturnsPage.FixKH(ReturnsPage.java:119)
at java.base/java.util.ArrayList.forEach(ArrayList.java:1511)
... Removed 33 stack frames]]>
    </failure>
  </testcase> <!-- FixKH -->
  <testcase classname="TPOS.SALES.ReturnsPage" name="SearchKH" time="6.382"/>
  <testcase classname="TPOS.SALES.ReturnsPage" name="SaveTH" time="7.601"/>
</testsuite> <!-- ReturnsPage -->
