<?xml version="1.0" encoding="UTF-8"?>
<!-- Generated by org.testng.reporters.JUnitXMLReporter -->
<testsuite ignored="0" hostname="DESKTOP-H50J06T" failures="1" tests="1" name="Validating title in the Page" time="5.553" errors="0" timestamp="2021-04-28T09:04:58 ICT">
  <testcase classname="TPOS.LOGIN.validateTitle" name="validateAppTitle" time="4.473">
    <failure type="java.lang.AssertionError" message="expected [FEATURED CO123URSES] but found [TPOS App]">
      <![CDATA[java.lang.AssertionError: expected [FEATURED CO123URSES] but found [TPOS App]
at TPOS.LOGIN.validateTitle.validateAppTitle(validateTitle.java:39)
at java.base/java.util.ArrayList.forEach(ArrayList.java:1511)
... Removed 33 stack frames]]>
    </failure>
  </testcase> <!-- validateAppTitle -->
</testsuite> <!-- Validating title in the Page -->
