<?xml version="1.0" encoding="UTF-8"?>
<testng-results ignored="0" total="2" passed="1" failed="1" skipped="0">
  <reporter-output>
  </reporter-output>
  <suite started-at="2021-05-12T15:57:37 ICT" name="Default suite" finished-at="2021-05-12T15:57:53 ICT" duration-ms="16283">
    <groups>
    </groups>
    <test started-at="2021-05-12T15:57:37 ICT" name="Default test" finished-at="2021-05-12T15:57:53 ICT" duration-ms="16283">
      <class name="TPOS.LOGIN.ForgetPwd1">
        <test-method is-config="true" signature="initialize()[pri:0, instance:TPOS.LOGIN.ForgetPwd1@3a1dd365]" started-at="2021-05-12T15:57:37 ICT" name="initialize" finished-at="2021-05-12T15:57:38 ICT" duration-ms="836" status="PASS">
          <reporter-output>
          </reporter-output>
        </test-method> <!-- initialize -->
        <test-method signature="getemailsucessful()[pri:1, instance:TPOS.LOGIN.ForgetPwd1@3a1dd365]" started-at="2021-05-12T15:57:38 ICT" name="getemailsucessful" finished-at="2021-05-12T15:57:45 ICT" duration-ms="7155" status="FAIL">
          <exception class="java.lang.AssertionError">
            <message>
              <![CDATA[expected [https://tmt30.tpos.vn/#/account/forgotpassword] but found [https://tmt30.tpos.vn/#/account/login]]]>
            </message>
            <full-stacktrace>
              <![CDATA[java.lang.AssertionError: expected [https://tmt30.tpos.vn/#/account/forgotpassword] but found [https://tmt30.tpos.vn/#/account/login]
at org.testng.Assert.fail(Assert.java:99)
at org.testng.Assert.failNotEquals(Assert.java:1037)
at org.testng.Assert.assertEqualsImpl(Assert.java:140)
at org.testng.Assert.assertEquals(Assert.java:122)
at org.testng.Assert.assertEquals(Assert.java:629)
at org.testng.Assert.assertEquals(Assert.java:639)
at TPOS.LOGIN.ForgetPwd1.getemailsucessful(ForgetPwd1.java:48)
at java.base/jdk.internal.reflect.NativeMethodAccessorImpl.invoke0(Native Method)
at java.base/jdk.internal.reflect.NativeMethodAccessorImpl.invoke(NativeMethodAccessorImpl.java:78)
at java.base/jdk.internal.reflect.DelegatingMethodAccessorImpl.invoke(DelegatingMethodAccessorImpl.java:43)
at java.base/java.lang.reflect.Method.invoke(Method.java:567)
at org.testng.internal.MethodInvocationHelper.invokeMethod(MethodInvocationHelper.java:132)
at org.testng.internal.TestInvoker.invokeMethod(TestInvoker.java:599)
at org.testng.internal.TestInvoker.invokeTestMethod(TestInvoker.java:174)
at org.testng.internal.MethodRunner.runInSequence(MethodRunner.java:46)
at org.testng.internal.TestInvoker$MethodInvocationAgent.invoke(TestInvoker.java:822)
at org.testng.internal.TestInvoker.invokeTestMethods(TestInvoker.java:147)
at org.testng.internal.TestMethodWorker.invokeTestMethods(TestMethodWorker.java:146)
at org.testng.internal.TestMethodWorker.run(TestMethodWorker.java:128)
at java.base/java.util.ArrayList.forEach(ArrayList.java:1511)
at org.testng.TestRunner.privateRun(TestRunner.java:764)
at org.testng.TestRunner.run(TestRunner.java:585)
at org.testng.SuiteRunner.runTest(SuiteRunner.java:384)
at org.testng.SuiteRunner.runSequentially(SuiteRunner.java:378)
at org.testng.SuiteRunner.privateRun(SuiteRunner.java:337)
at org.testng.SuiteRunner.run(SuiteRunner.java:286)
at org.testng.SuiteRunnerWorker.runSuite(SuiteRunnerWorker.java:53)
at org.testng.SuiteRunnerWorker.run(SuiteRunnerWorker.java:96)
at org.testng.TestNG.runSuitesSequentially(TestNG.java:1218)
at org.testng.TestNG.runSuitesLocally(TestNG.java:1140)
at org.testng.TestNG.runSuites(TestNG.java:1069)
at org.testng.TestNG.run(TestNG.java:1037)
at org.testng.remote.AbstractRemoteTestNG.run(AbstractRemoteTestNG.java:115)
at org.testng.remote.RemoteTestNG.initAndRun(RemoteTestNG.java:251)
at org.testng.remote.RemoteTestNG.main(RemoteTestNG.java:77)
]]>
            </full-stacktrace>
          </exception> <!-- java.lang.AssertionError -->
          <reporter-output>
          </reporter-output>
        </test-method> <!-- getemailsucessful -->
        <test-method signature="Navigation()[pri:2, instance:TPOS.LOGIN.ForgetPwd1@3a1dd365]" started-at="2021-05-12T15:57:45 ICT" name="Navigation" finished-at="2021-05-12T15:57:53 ICT" duration-ms="8259" status="PASS">
          <reporter-output>
          </reporter-output>
        </test-method> <!-- Navigation -->
      </class> <!-- TPOS.LOGIN.ForgetPwd1 -->
    </test> <!-- Default test -->
  </suite> <!-- Default suite -->
</testng-results>
